<?xml version="1.0" encoding="UTF-8"?>
<testsuite xmlns:xsi="http://www.w3.org/2001/XMLSchema-instance" xsi:noNamespaceSchemaLocation="https://maven.apache.org/surefire/maven-surefire-plugin/xsd/surefire-test-report.xsd" name="br.com.renan.integrationtests.controller.withxml.AuthControllerXmlTest" time="0.028" tests="2" errors="0" skipped="0" failures="0">
  <properties>
[...]
</properties>
  <testcase name="testSignin" classname="br.com.renan.integrationtests.controller.withxml.AuthControllerXmlTest" time="0.004"/>
  <testcase name="testRefresh" classname="br.com.renan.integrationtests.controller.withxml.AuthControllerXmlTest" time="0.004"/>
</testsuite>